Mémoire totale : 4.0 GiB
3 classes ont été trouvées
class awele.bot.alphabetanosort.MinMaxBot
class awele.bot.aaadeaph11.MinMaxBot
class awele.bot.humanoid.Humanoid

Bot 1/3
Classe : awele.bot.alphabetanosort.MinMaxBot
Nom du bot : AlphaBetaDepth10
Auteur(s) : Maxence
Temps d'apprentissage : 00:00:00.000
Durée d'une prise de décision : 00:00:00.167
Usage mémoire : 407.0 KiB
Usage mémoire maximum : 113.5 MiB

Bot 2/3
Classe : awele.bot.aaadeaph11.MinMaxBot
Nom du bot : AlphaBetaDepth11
Auteur(s) : Maxence
Temps d'apprentissage : 00:00:00.000
Durée d'une prise de décision : 00:00:00.660
Usage mémoire : 1.2 KiB
Usage mémoire maximum : 108.6 MiB

Bot 3/3
Classe : awele.bot.humanoid.Humanoid
Nom du bot : Humanoïd, the mad lion !
Auteur(s) : Maxence Schoirfer et Alexandre Kroher
